Open Printer 194.49.3.130 on port 9100

DATA=start
@PJL INFO VARIABLES
LANG=GERMAN [17 ENUMERATED]
	ENGLISH
	FRENCH
	GERMAN
	ITALIAN
	SPANISH
	SWEDISH
	DANISH
	NORWEGIAN
	DUTCH
	FINNISH
	PORTUGUESE
	TURKISH
	POLISH
	JAPANESE
	RUSSIAN
	CZECH
	HUNGARIAN
PAGES=411951 [2 RANGE]
	0
	9999999
COPIES=1 [2 RANGE]
	1
	999
DUPLEX=ON [2 ENUMERATED]
	OFF
	ON
BINDING=LONGEDGE [2 ENUMERATED]
	LONGEDGE
	SHORTEDGE
PAPER=A4 [14 ENUMERATED]
	LETTER
	A4
	LEGAL
	EXECUTIVE
	JISB5
	A5
	ROC16K
	JISEXEC
	CUSTOM
	COM10
	MONARCH
	C5
	DL
	B5
ORIENTATION=PORTRAIT [2 ENUMERATED]
	PORTRAIT
	LANDSCAPE
MANUALFEED=OFF [2 ENUMERATED]
	OFF
	ON
RET=MEDIUM [4 ENUMERATED]
	OFF
	LIGHT
	MEDIUM
	DARK
PAGEPROTECT=AUTO [2 ENUMERATED]
	AUTO
	ON
RESOLUTION=600 [3 ENUMERATED]
	300
	600
	1200
PERSONALITY=AUTO [3 ENUMERATED]
	AUTO
	PCL
	POSTSCRIPT
TIMEOUT=15 [2 RANGE]
	5
	300
MPTRAY=FIRST [2 ENUMERATED]
	FIRST
	CASSETTE
CLEARABLEWARNINGS=JOB [2 ENUMERATED]
	JOB
	ON
AUTOCONT=ON [2 ENUMERATED]
	OFF
	ON
DENSITY=3 [2 RANGE]
	1
	5
LOWTONER=CONTINUE [2 ENUMERATED]
	STOP
	CONTINUE
OUTBIN=UPPER [1 ENUMERATED]
	UPPER
JOBOFFSET=OFF [2 ENUMERATED]
	OFF
	ON
CPLOCK=OFF [5 ENUMERATED]
	OFF
	MINIMUM
	MODERATE
	MAXIMUM
	ON
PASSWORD=DISABLED [2 RANGE]
	0
	65535
ECONOMODE=OFF [2 ENUMERATED]
	OFF
	ON
POWERSAVE=ON [2 ENUMERATED]
	OFF
	ON
POWERSAVETIME=15 [5 ENUMERATED]
	15
	30
	60
	120
	180
IOBUFFER=AUTO [3 ENUMERATED]
	AUTO
	ON
	OFF
IOSIZE=100 [2 RANGE]
	100
	100
RESOURCESAVE=OFF [3 ENUMERATED]
	AUTO
	ON
	OFF
DISKLOCK=OFF [2 ENUMERATED]
	OFF
	ON
QTY=0 [2 RANGE]
	0
	999
INTRAY1SIZE=A4 [14 ENUMERATED READONLY]
	LETTER
	A4
	LEGAL
	EXECUTIVE
	JISB5
	A5
	ROC16K
	JISEXEC
	CUSTOM
	COM10
	MONARCH
	C5
	DL
	B5
INTRAY2SIZE=A4 [6 ENUMERATED READONLY]
	LETTER
	LEGAL
	A4
	EXECUTIVE
	JISB5
	CUSTOM
COURIER=REGULAR [2 ENUMERATED]
	REGULAR
	DARK
WIDEA4=NO [2 ENUMERATED]
	NO
	YES
FORMLINES=64 [2 RANGE]
	5
	128
REPRINT=AUTO [3 ENUMERATED]
	OFF
	ON
	AUTO
BITSPERPIXEL=2 [2 RANGE]
	1
	2
OUTLINEPOINTSIZE=72 [2 RANGE]
	0
	999
MAINTINTERVAL=200000 [2 RANGE]
	0
	999999
HOLD=OFF [4 ENUMERATED]
	OFF
	ON
	STORE
	PROOF
HOLDTYPE=PUBLIC [2 ENUMERATED]
	PUBLIC
	PRIVATE
USERNAME=NO USER NAME [1 STRING]
	NO USER NAME
JOBNAME= [1 STRING]
	
PR1200SPEED=NORMAL [2 ENUMERATED]
	NORMAL
	HALF
OUTBINPROCESS=0 [2 RANGE]
	0
	255
FINISH=NONE [3 ENUMERATED]
	NONE
	STAPLE
	ON
STAPLEOPTION=DEFAULT [16 ENUMERATED]
	DEFAULT
	ONE
	TWO
	THREE
	FOUR
	FIVE
	SIX
	SEVEN
	ONEANGLED
	ONEOPPOSED
	OPTION3
	OPTION4
	OPTION5
	OPTION6
	CUSTOM
	NONE
FINISHERTYPE=0 [2 RANGE]
	0
	255
FINISHEROPTION=0 [2 RANGE]
	0
	255
EXTENDEDPRINTAREA=NO [2 ENUMERATED]
	NO
	YES
HELDJOBTIMEOUT=DISABLED [5 ENUMERATED]
	DISABLED
	ONEHOUR
	FOURHOURS
	ONEDAY
	ONEWEEK
LPARM:PCL FONTSOURCE=I [1 ENUMERATED]
	I
LPARM:PCL FONTNUMBER=0 [2 RANGE]
	0
	89
LPARM:PCL PITCH=10.00 [2 RANGE]
	0.44
	99.99
LPARM:PCL PTSIZE=12.00 [2 RANGE]
	4.00
	999.75
LPARM:PCL SYMSET=PC8 [29 ENUMERATED]
	PC8
	ROMAN8
	ISOL1
	ISOL2
	ISOL5
	ISOL6
	PC775
	PC8DN
	PC850
	PC852
	PC8TK
	PC1004
	WINL1
	WINL2
	WINL5
	WINBALT
	DESKTOP
	PSTEXT
	LEGAL
	ISO4
	ISO6
	ISO11
	ISO15
	ISO17
	ISO21
	ISO60
	ISO69
	WIN30
	MCTEXT
LPARM:PCL RESOURCESAVESIZE=0 [2 RANGE]
	0
	0
LPARM:POSTSCRIPT PRTPSERRS=ON [2 ENUMERATED]
	OFF
	ON
LPARM:POSTSCRIPT RESOURCESAVESIZE=0 [2 RANGE]
	0
	0

DATA=end
