Open Printer 194.49.3.130 on port 9100

DATA=start
@PJL INFO CONFIG
IN TRAYS [2 ENUMERATED]
	INTRAY1
	INTRAY2
DUPLEX
OUTPUT BINS [1 ENUMERATED]
	UPPER
PAPERS [14 ENUMERATED]
	LETTER
	LEGAL
	A4
	EXECUTIVE
	COM10
	MONARCH
	C5
	DL
	JISB5
	B5
	CUSTOM
	A5
	ROC16K
	JISEXEC
LANGUAGES [3 ENUMERATED]
	PCL
	PCLXL
	POSTSCRIPT
USTATUS [4 ENUMERATED]
	DEVICE
	JOB
	PAGE
	TIMED
MEMORY MANAGEMENT [4 TABLE]
	MEMORY	AMOUNT	UTILIZATION
	SYSTEM	9318400	0
	PCL	0	0
	POSTSCRIPT	0	0
MEMORY=16777216
DISPLAY LINES=2
DISPLAY CHARACTER SIZE=16
SERIAL NUMBER="NL7T019969"
FORMATTER NUMBER="SL501E10133"
FIRMWARE DATECODE=19990127 MB6.27
RAM DISK 1 LOCK STATUS=DISABLED

DATA=end
